0 info it worked if it ends with ok
1 verbose cli [ '/usr/local/bin/node',
1 verbose cli   '/usr/local/bin/npm',
1 verbose cli   'install',
1 verbose cli   '-g',
1 verbose cli   'phonegap' ]
2 info using npm@2.15.9
3 info using node@v4.5.0
4 verbose install initial load of /usr/local/lib/package.json
5 verbose readDependencies loading dependencies from /usr/local/lib/package.json
6 silly cache add args [ 'phonegap', null ]
7 verbose cache add spec phonegap
8 silly cache add parsed spec Result {
8 silly cache add   raw: 'phonegap',
8 silly cache add   scope: null,
8 silly cache add   name: 'phonegap',
8 silly cache add   rawSpec: '',
8 silly cache add   spec: 'latest',
8 silly cache add   type: 'tag' }
9 silly addNamed phonegap@latest
10 verbose addNamed "latest" is being treated as a dist-tag for phonegap
11 info addNameTag [ 'phonegap', 'latest' ]
12 silly mapToRegistry name phonegap
13 silly mapToRegistry using default registry
14 silly mapToRegistry registry https://registry.npmjs.org/
15 silly mapToRegistry data Result {
15 silly mapToRegistry   raw: 'phonegap',
15 silly mapToRegistry   scope: null,
15 silly mapToRegistry   name: 'phonegap',
15 silly mapToRegistry   rawSpec: '',
15 silly mapToRegistry   spec: 'latest',
15 silly mapToRegistry   type: 'tag' }
16 silly mapToRegistry uri https://registry.npmjs.org/phonegap
17 verbose addNameTag registry:https://registry.npmjs.org/phonegap not in flight; fetching
18 verbose request uri https://registry.npmjs.org/phonegap
19 verbose request no auth needed
20 info attempt registry request try #1 at 5:58:01 PM
21 verbose request id 4e64fc20bad692c5
22 http request GET https://registry.npmjs.org/phonegap
23 http 200 https://registry.npmjs.org/phonegap
24 verbose headers { server: 'CouchDB/1.6.1 (Erlang OTP/R16B03)',
24 verbose headers   etag: '"42SL0PVNDZ8AUC9AAIXF9ZBJX"',
24 verbose headers   'content-type': 'application/json',
24 verbose headers   'content-encoding': 'gzip',
24 verbose headers   'cache-control': 'max-age=300',
24 verbose headers   'content-length': '28851',
24 verbose headers   'accept-ranges': 'bytes',
24 verbose headers   date: 'Mon, 12 Sep 2016 22:58:03 GMT',
24 verbose headers   via: '1.1 varnish',
24 verbose headers   age: '181',
24 verbose headers   connection: 'keep-alive',
24 verbose headers   'x-served-by': 'cache-iad2636-IAD',
24 verbose headers   'x-cache': 'HIT',
24 verbose headers   'x-cache-hits': '1',
24 verbose headers   'x-timer': 'S1473721083.398396,VS0,VE0',
24 verbose headers   vary: 'Accept-Encoding' }
25 silly get cb [ 200,
25 silly get   { server: 'CouchDB/1.6.1 (Erlang OTP/R16B03)',
25 silly get     etag: '"42SL0PVNDZ8AUC9AAIXF9ZBJX"',
25 silly get     'content-type': 'application/json',
25 silly get     'content-encoding': 'gzip',
25 silly get     'cache-control': 'max-age=300',
25 silly get     'content-length': '28851',
25 silly get     'accept-ranges': 'bytes',
25 silly get     date: 'Mon, 12 Sep 2016 22:58:03 GMT',
25 silly get     via: '1.1 varnish',
25 silly get     age: '181',
25 silly get     connection: 'keep-alive',
25 silly get     'x-served-by': 'cache-iad2636-IAD',
25 silly get     'x-cache': 'HIT',
25 silly get     'x-cache-hits': '1',
25 silly get     'x-timer': 'S1473721083.398396,VS0,VE0',
25 silly get     vary: 'Accept-Encoding' } ]
26 verbose get saving phonegap to /Users/davidrodriguez/.npm/registry.npmjs.org/phonegap/.cache.json
27 verbose correctMkdir /Users/davidrodriguez/.npm correctMkdir not in flight; initializing
28 verbose makeDirectory /Users/davidrodriguez/.npm creation not in flight; initializing
29 silly makeDirectory /Users/davidrodriguez/.npm uid: 501 gid: 20
30 silly addNameTag next cb for phonegap with tag latest
31 silly addNamed phonegap@6.3.1
32 verbose addNamed "6.3.1" is a plain semver version for phonegap
33 silly mapToRegistry name phonegap
34 silly mapToRegistry using default registry
35 silly mapToRegistry registry https://registry.npmjs.org/
36 silly mapToRegistry data Result {
36 silly mapToRegistry   raw: 'phonegap',
36 silly mapToRegistry   scope: null,
36 silly mapToRegistry   name: 'phonegap',
36 silly mapToRegistry   rawSpec: '',
36 silly mapToRegistry   spec: 'latest',
36 silly mapToRegistry   type: 'tag' }
37 silly mapToRegistry uri https://registry.npmjs.org/phonegap
38 verbose addRemoteTarball https://registry.npmjs.org/phonegap/-/phonegap-6.3.1.tgz not in flight; adding
39 verbose addRemoteTarball [ 'https://registry.npmjs.org/phonegap/-/phonegap-6.3.1.tgz',
39 verbose addRemoteTarball   '3aa58867a4ac31347f9b49bcac49be9a75fd0368' ]
40 info retry fetch attempt 1 at 5:58:02 PM
41 info attempt registry request try #1 at 5:58:02 PM
42 http fetch GET https://registry.npmjs.org/phonegap/-/phonegap-6.3.1.tgz
43 http fetch 200 https://registry.npmjs.org/phonegap/-/phonegap-6.3.1.tgz
44 silly fetchAndShaCheck shasum 3aa58867a4ac31347f9b49bcac49be9a75fd0368
45 verbose addTmpTarball /var/folders/2d/zbxr_7716cj3z94rszqppj0r0000gn/T/npm-3901-117197a6/registry.npmjs.org/phonegap/-/phonegap-6.3.1.tgz not in flight; adding
46 verbose addTmpTarball already have metadata; skipping unpack for phonegap@6.3.1
47 verbose correctMkdir /Users/davidrodriguez/.npm correctMkdir not in flight; initializing
48 silly cache afterAdd phonegap@6.3.1
49 verbose afterAdd /Users/davidrodriguez/.npm/phonegap/6.3.1/package/package.json not in flight; writing
50 verbose correctMkdir /Users/davidrodriguez/.npm correctMkdir not in flight; initializing
51 verbose afterAdd /Users/davidrodriguez/.npm/phonegap/6.3.1/package/package.json written
52 silly install resolved [ { name: 'phonegap',
52 silly install resolved     description: 'PhoneGap command-line interface and node.js library.',
52 silly install resolved     version: '6.3.1',
52 silly install resolved     homepage: 'http://github.com/phonegap/phonegap-cli',
52 silly install resolved     repository:
52 silly install resolved      { type: 'git',
52 silly install resolved        url: 'git://github.com/phonegap/phonegap-cli.git' },
52 silly install resolved     keywords:
52 silly install resolved      [ 'cli',
52 silly install resolved        'cordova',
52 silly install resolved        'phonegap',
52 silly install resolved        'phonegap build',
52 silly install resolved        'phonegap/build' ],
52 silly install resolved     preferGlobal: 'true',
52 silly install resolved     main: './lib/main.js',
52 silly install resolved     bin: { phonegap: './bin/phonegap.js' },
52 silly install resolved     scripts: { test: 'node node_modules/jasmine-node/bin/jasmine-node --color spec' },
52 silly install resolved     engineStrict: 'true',
52 silly install resolved     engines: { node: '>=0.10.0' },
52 silly install resolved     dependencies:
52 silly install resolved      { colors: '0.6.0-1',
52 silly install resolved        'connect-phonegap': '0.22.1',
52 silly install resolved        cordova: '6.1.1',
52 silly install resolved        insight: '0.8.2',
52 silly install resolved        minimist: '0.1.0',
52 silly install resolved        opener: '1.4.1',
52 silly install resolved        'phonegap-build': '0.10.0',
52 silly install resolved        pluralize: '0.0.4',
52 silly install resolved        prompt: '0.2.11',
52 silly install resolved        'qrcode-terminal': '0.9.4',
52 silly install resolved        semver: '1.1.0',
52 silly install resolved        shelljs: '0.1.4',
52 silly install resolved        'update-notifier': '^0.6.0' },
52 silly install resolved     devDependencies: { 'jasmine-node': '1.14.5', chdir: '0.0.x' },
52 silly install resolved     optionalDependencies: {},
52 silly install resolved     contributors:
52 silly install resolved      [ [Object],
52 silly install resolved        [Object],
52 silly install resolved        [Object],
52 silly install resolved        [Object],
52 silly install resolved        [Object],
52 silly install resolved        [Object],
52 silly install resolved        [Object] ],
52 silly install resolved     templates:
52 silly install resolved      { blank: [Object],
52 silly install resolved        'csdk-image-editor': [Object],
52 silly install resolved        'hello-world': [Object],
52 silly install resolved        framework7: [Object],
52 silly install resolved        push: [Object],
52 silly install resolved        'react-hot-loader': [Object],
52 silly install resolved        'star-track': [Object],
52 silly install resolved        'wikitude-augmented-reality': [Object] },
52 silly install resolved     gitHead: '446f3680858627577db2fcaa2c118fbccc3fa03a',
52 silly install resolved     bugs: { url: 'https://github.com/phonegap/phonegap-cli/issues' },
52 silly install resolved     _id: 'phonegap@6.3.1',
52 silly install resolved     _shasum: '3aa58867a4ac31347f9b49bcac49be9a75fd0368',
52 silly install resolved     _from: 'phonegap@latest',
52 silly install resolved     _npmVersion: '3.7.3',
52 silly install resolved     _nodeVersion: '5.8.0',
52 silly install resolved     _npmUser: { name: 'surajpindoria', email: 'suraj.pindoria@yahoo.com' },
52 silly install resolved     dist:
52 silly install resolved      { shasum: '3aa58867a4ac31347f9b49bcac49be9a75fd0368',
52 silly install resolved        tarball: 'https://registry.npmjs.org/phonegap/-/phonegap-6.3.1.tgz' },
52 silly install resolved     maintainers:
52 silly install resolved      [ [Object],
52 silly install resolved        [Object],
52 silly install resolved        [Object],
52 silly install resolved        [Object],
52 silly install resolved        [Object],
52 silly install resolved        [Object],
52 silly install resolved        [Object] ],
52 silly install resolved     _npmOperationalInternal:
52 silly install resolved      { host: 'packages-16-east.internal.npmjs.com',
52 silly install resolved        tmp: 'tmp/phonegap-6.3.1.tgz_1473455330216_0.8987192967906594' },
52 silly install resolved     directories: {},
52 silly install resolved     _resolved: 'https://registry.npmjs.org/phonegap/-/phonegap-6.3.1.tgz' } ]
53 info install phonegap@6.3.1 into /usr/local/lib
54 info installOne phonegap@6.3.1
55 verbose installOne of phonegap to /usr/local/lib not in flight; installing
56 verbose correctMkdir /Users/davidrodriguez/.npm/_locks correctMkdir not in flight; initializing
57 verbose makeDirectory /Users/davidrodriguez/.npm/_locks creation not in flight; initializing
58 silly makeDirectory /Users/davidrodriguez/.npm/_locks uid: 501 gid: 20
59 verbose lock using /Users/davidrodriguez/.npm/_locks/phonegap-e2bb9ce47409f16e.lock for /usr/local/lib/node_modules/phonegap
60 silly install write writing phonegap 6.3.1 to /usr/local/lib/node_modules/phonegap
61 verbose unbuild lib/node_modules/phonegap
62 silly gentlyRm /usr/local/lib/node_modules/phonegap is being purged from base /usr/local
63 verbose gentlyRm don't care about contents; nuking /usr/local/lib/node_modules/phonegap
64 verbose tar unpack /Users/davidrodriguez/.npm/phonegap/6.3.1/package.tgz
65 verbose tar unpacking to /usr/local/lib/node_modules/phonegap
66 silly gentlyRm /usr/local/lib/node_modules/phonegap is being purged
67 verbose gentlyRm don't care about contents; nuking /usr/local/lib/node_modules/phonegap
68 silly gunzTarPerm modes [ '755', '644' ]
69 error tar.unpack untar error /Users/davidrodriguez/.npm/phonegap/6.3.1/package.tgz
70 verbose unlock done using /Users/davidrodriguez/.npm/_locks/phonegap-e2bb9ce47409f16e.lock for /usr/local/lib/node_modules/phonegap
71 verbose fstream_path /usr/local/lib/node_modules/phonegap
72 verbose fstream_type Directory
73 verbose fstream_class DirWriter
74 verbose stack Error: EACCES: permission denied, mkdir '/usr/local/lib/node_modules/phonegap'
74 verbose stack     at Error (native)
75 verbose fstream_stack /usr/local/lib/node_modules/npm/node_modules/fstream/lib/dir-writer.js:35:25
75 verbose fstream_stack /usr/local/lib/node_modules/npm/node_modules/mkdirp/index.js:47:53
75 verbose fstream_stack FSReqWrap.oncomplete (fs.js:82:15)
76 verbose cwd /Users/davidrodriguez/Sites/inventario
77 error Darwin 15.6.0
78 error argv "/usr/local/bin/node" "/usr/local/bin/npm" "install" "-g" "phonegap"
79 error node v4.5.0
80 error npm  v2.15.9
81 error path /usr/local/lib/node_modules/phonegap
82 error code EACCES
83 error errno -13
84 error syscall mkdir
85 error Error: EACCES: permission denied, mkdir '/usr/local/lib/node_modules/phonegap'
85 error     at Error (native)
85 error  { [Error: EACCES: permission denied, mkdir '/usr/local/lib/node_modules/phonegap']
85 error   errno: -13,
85 error   code: 'EACCES',
85 error   syscall: 'mkdir',
85 error   path: '/usr/local/lib/node_modules/phonegap',
85 error   fstream_type: 'Directory',
85 error   fstream_path: '/usr/local/lib/node_modules/phonegap',
85 error   fstream_class: 'DirWriter',
85 error   fstream_stack:
85 error    [ '/usr/local/lib/node_modules/npm/node_modules/fstream/lib/dir-writer.js:35:25',
85 error      '/usr/local/lib/node_modules/npm/node_modules/mkdirp/index.js:47:53',
85 error      'FSReqWrap.oncomplete (fs.js:82:15)' ] }
86 error Please try running this command again as root/Administrator.
87 verbose exit [ -13, true ]
88 verbose unbuild lib/node_modules/phonegap
89 silly gentlyRm /usr/local/lib/node_modules/phonegap is being purged from base /usr/local
90 verbose gentlyRm don't care about contents; nuking /usr/local/lib/node_modules/phonegap
